<?xml version="1.0" encoding="UTF-8"?>
<!-- Generated by org.testng.reporters.JUnitReportReporter -->
<testsuite hostname="DESKTOP-NH8VQT3" failures="0" tests="1" name="com.org.TestCases.ZapbookTest" time="31.036" errors="0" timestamp="2024-05-02T18:56:48 IST" skipped="0">
  <testcase classname="com.org.TestCases.ZapbookTest" name="scheduleTest" time="31.036"/>
  <system-out/>
</testsuite> <!-- com.org.TestCases.ZapbookTest -->
