<?xml version="1.0" encoding="UTF-8"?>
<!-- Generated by org.testng.reporters.JUnitReportReporter -->
<testsuite hostname="JAM-T-265" failures="0" tests="1" name="org.ZapBook.test.InventoryVarification" time="7.815" errors="0" timestamp="2024-02-07T11:51:33 IST" skipped="0">
  <testcase classname="org.ZapBook.test.InventoryVarification" name="inventory_001" time="7.815"/>
  <system-out/>
</testsuite> <!-- org.ZapBook.test.InventoryVarification -->
