<?xml version="1.0" encoding="UTF-8"?>
<!-- Generated by org.testng.reporters.JUnitReportReporter -->
<testsuite hostname="JAM-T-265" failures="0" tests="1" name="org.jumia.vtiger.test.One" time="1.564" errors="0" timestamp="2024-02-06T17:04:18 IST" skipped="0">
  <testcase classname="org.jumia.vtiger.test.One" name="name" time="1.564"/>
  <system-out/>
</testsuite> <!-- org.jumia.vtiger.test.One -->
