<?xml version="1.0" encoding="UTF-8"?>
<!-- Generated by org.testng.reporters.JUnitReportReporter -->
<testsuite hostname="JAM-T-265" failures="0" tests="1" name="org.ZapBook.test.InventoryTestcase" time="33.001" errors="0" timestamp="2024-02-12T15:09:16 IST" skipped="0">
  <testcase classname="org.ZapBook.test.InventoryTestcase" name="inventory_002" time="33.001"/>
  <system-out/>
</testsuite> <!-- org.ZapBook.test.InventoryTestcase -->
