<?xml version="1.0" encoding="UTF-8"?>
<!-- Generated by org.testng.reporters.JUnitReportReporter -->
<testsuite hostname="JAM-T-265" failures="0" tests="1" name="org.ZapBook.test.TestCases" time="2.237" errors="0" timestamp="2024-02-06T17:56:39 IST" skipped="0">
  <testcase classname="org.ZapBook.test.TestCases" name="LoginVarification" time="2.237"/>
  <system-out/>
</testsuite> <!-- org.ZapBook.test.TestCases -->
