<?xml version="1.0" encoding="UTF-8"?>
<!-- Generated by org.testng.reporters.JUnitReportReporter -->
<testsuite hostname="JAM-T-265" failures="0" tests="1" name="org.ZapBook.test.One" time="1.860" errors="0" timestamp="2024-02-06T17:14:45 IST" skipped="0">
  <testcase classname="org.ZapBook.test.One" name="name" time="1.860"/>
  <system-out/>
</testsuite> <!-- org.ZapBook.test.One -->
